<?xml version="1.0" encoding="UTF-8"?>
<testng-results ignored="0" total="3" passed="3" failed="0" skipped="0">
  <reporter-output>
  </reporter-output>
  <suite started-at="2022-10-08T12:03:45Z" name="Default suite" finished-at="2022-10-08T12:05:17Z" duration-ms="92604">
    <groups>
    </groups>
    <test started-at="2022-10-08T12:03:45Z" name="Default test" finished-at="2022-10-08T12:05:17Z" duration-ms="92604">
      <class name="testng_framework.OrangeHRM_Testng">
        <test-method is-config="true" signature="loginpage()[pri:0, instance:testng_framework.OrangeHRM_Testng@20c0a64d]" started-at="2022-10-08T12:03:45Z" name="loginpage" finished-at="2022-10-08T12:04:16Z" duration-ms="31004" status="PASS">
          <reporter-output>
          </reporter-output>
        </test-method> <!-- loginpage -->
        <test-method signature="login()[pri:0, instance:testng_framework.OrangeHRM_Testng@20c0a64d]" started-at="2022-10-08T12:04:16Z" name="login" finished-at="2022-10-08T12:04:16Z" duration-ms="497" status="PASS">
          <reporter-output>
          </reporter-output>
        </test-method> <!-- login -->
        <test-method is-config="true" signature="loginpage()[pri:0, instance:testng_framework.OrangeHRM_Testng@20c0a64d]" started-at="2022-10-08T12:04:16Z" name="loginpage" finished-at="2022-10-08T12:04:39Z" duration-ms="23123" status="PASS">
          <reporter-output>
          </reporter-output>
        </test-method> <!-- loginpage -->
        <test-method signature="applyLeave()[pri:1, instance:testng_framework.OrangeHRM_Testng@20c0a64d]" started-at="2022-10-08T12:04:39Z" name="applyLeave" finished-at="2022-10-08T12:04:46Z" duration-ms="6505" status="PASS">
          <reporter-output>
          </reporter-output>
        </test-method> <!-- applyLeave -->
        <test-method is-config="true" signature="loginpage()[pri:0, instance:testng_framework.OrangeHRM_Testng@20c0a64d]" started-at="2022-10-08T12:04:46Z" name="loginpage" finished-at="2022-10-08T12:05:04Z" duration-ms="17994" status="PASS">
          <reporter-output>
          </reporter-output>
        </test-method> <!-- loginpage -->
        <test-method signature="search_employee()[pri:2, instance:testng_framework.OrangeHRM_Testng@20c0a64d]" started-at="2022-10-08T12:05:04Z" name="search_employee" finished-at="2022-10-08T12:05:17Z" duration-ms="13448" status="PASS">
          <reporter-output>
          </reporter-output>
        </test-method> <!-- search_employee -->
      </class> <!-- testng_framework.OrangeHRM_Testng -->
    </test> <!-- Default test -->
  </suite> <!-- Default suite -->
</testng-results>
