<?xml version="1.0" encoding="UTF-8"?>
<!-- Generated by org.testng.reporters.JUnitXMLReporter -->
<testsuite ignored="0" hostname="Nidish" failures="0" tests="3" name="Default test" time="92.604" errors="0" timestamp="08 Oct 2022 12:05:17 GMT">
  <testcase classname="testng_framework.OrangeHRM_Testng" name="login" time="0.497"/>
  <testcase classname="testng_framework.OrangeHRM_Testng" name="applyLeave" time="6.505"/>
  <testcase classname="testng_framework.OrangeHRM_Testng" name="search_employee" time="13.448"/>
</testsuite> <!-- Default test -->
